INFO     Running translator.
INFO     translator inputs: ['../../../home/stolba/workspace/stolba/PAH2017/assignment/simcity/simple/domain.pddl', '../../../home/stolba/workspace/stolba/PAH2017/assignment/simcity/simple/p01.pddl']
INFO     translator arguments: []
Parsing...
Parsing: [0.000s CPU, 0.003s wall-clock]
Normalizing task... [0.000s CPU, 0.000s wall-clock]
Instantiating...
Generating Datalog program... [0.000s CPU, 0.001s wall-clock]
Normalizing Datalog program...
Normalizing Datalog program: [0.010s CPU, 0.003s wall-clock]
Preparing model... [0.000s CPU, 0.003s wall-clock]
Generated 45 rules.
Computing model... [0.010s CPU, 0.015s wall-clock]
432 relevant atoms
383 auxiliary atoms
815 final queue length
970 total queue pushes
Completing instantiation... [0.020s CPU, 0.012s wall-clock]
Instantiating: [0.040s CPU, 0.035s wall-clock]
Computing fact groups...
Finding invariants...
11 initial candidates
Finding invariants: [0.000s CPU, 0.003s wall-clock]
Checking invariant weight... [0.000s CPU, 0.000s wall-clock]
Instantiating groups... [0.000s CPU, 0.001s wall-clock]
Collecting mutex groups... [0.000s CPU, 0.000s wall-clock]
Choosing groups...
7 uncovered facts
Choosing groups: [0.000s CPU, 0.000s wall-clock]
Building translation key... [0.000s CPU, 0.000s wall-clock]
Computing fact groups: [0.000s CPU, 0.006s wall-clock]
Building STRIPS to SAS dictionary... [0.000s CPU, 0.000s wall-clock]
Building dictionary for full mutex groups... [0.000s CPU, 0.000s wall-clock]
Building mutex information...
Building mutex information: [0.000s CPU, 0.000s wall-clock]
Translating task...
Processing axioms...
Simplifying axioms... [0.000s CPU, 0.000s wall-clock]
Processing axioms: [0.000s CPU, 0.001s wall-clock]
Translating task: [0.020s CPU, 0.011s wall-clock]
0 effect conditions simplified
0 implied preconditions added
Detecting unreachable propositions...
0 operators removed
10 propositions removed
Detecting unreachable propositions: [0.000s CPU, 0.002s wall-clock]
Translator variables: 17
Translator derived variables: 0
Translator facts: 93
Translator goal facts: 14
Translator mutex groups: 10
Translator total mutex groups size: 79
Translator operators: 231
Translator axioms: 0
Translator task size: 1078
Translator peak memory: 35700 KB
Writing output... [0.000s CPU, 0.002s wall-clock]
Done! [0.060s CPU, 0.060s wall-clock]
INFO     Running preprocessor.
INFO     preprocessor input: output.sas
INFO     preprocessor arguments: []
Building causal graph...
The causal graph is not acyclic.
17 variables of 17 necessary
0 of 10 mutex groups necessary.
231 of 231 operators necessary.
0 of 0 axiom rules necessary.
Building domain transition graphs...
solveable in poly time 0
Building successor generator...
Preprocessor facts: 93
Preprocessor derived variables: 0
Preprocessor task size: 999
Writing output...
done
INFO     Running search.
INFO     search input: output
INFO     search executable: /opt/PAH/FD/src/search/downward-release
INFO     search portfolio: /opt/PAH/FD/src/driver/portfolios/seq_sat_fdss_1.py
External time limits: -1, -1
Internal time limit: 1800
External memory limits: -1, -1
Internal memory limit: None
remaining time at start: 1799.88
remaining time: 1799.76
config 0: relative time 49, remaining 1519
g bound: infinity
next plan number: 1
args: ['/opt/PAH/FD/src/search/downward-release', '--heuristic', 'hff=ff(cost_type=one)', '--heuristic', 'hcg=cg(cost_type=one)', '--search', 'lazy_greedy(hff,hcg,preferred=[hff,hcg],cost_type=one,bound=infinity)', '--internal-previous-portfolio-plans', '0', '--internal-plan-file', '../../../home/stolba/workspace/stolba/PAH2017/assignment/simcity/simple/fd-fdss/p01.solution']
timeout: 58.06 -> (59, 60)
reading input... [t=0s]
Simplifying transitions... done!
done reading input! [t=0s]
building causal graph...done! [t=0s]
packing state variables...done! [t=0s]
Variables: 17
Facts: 93
Bytes per state: 8
done initalizing global data [t=0s]
Initializing heuristic cache... done!
Conducting lazy best first search, (real) bound = 2147483647
Initializing causal graph heuristic...
Initializing FF heuristic...
Initializing additive heuristic...
Simplifying 231 unary operators... done! [231 unary operators]
Best heuristic value: 25 [g=0, 1 evaluated, 0 expanded, t=0s, 3328 KB]
Best heuristic value: 24 [g=2, 5 evaluated, 4 expanded, t=0s, 3328 KB]
Best heuristic value: 23 [g=4, 8 evaluated, 7 expanded, t=0s, 3328 KB]
Best heuristic value: 22 [g=5, 9 evaluated, 8 expanded, t=0s, 3328 KB]
Best heuristic value: 21 [g=7, 57 evaluated, 56 expanded, t=0s, 3328 KB]
Best heuristic value: 20 [g=11, 109 evaluated, 108 expanded, t=0s, 3328 KB]
Best heuristic value: 19 [g=12, 111 evaluated, 110 expanded, t=0s, 3328 KB]
Best heuristic value: 18 [g=13, 113 evaluated, 112 expanded, t=0s, 3328 KB]
Best heuristic value: 17 [g=14, 114 evaluated, 113 expanded, t=0s, 3328 KB]
Best heuristic value: 16 [g=19, 200 evaluated, 199 expanded, t=0s, 3328 KB]
Best heuristic value: 15 [g=20, 205 evaluated, 204 expanded, t=0s, 3328 KB]
Best heuristic value: 14 [g=22, 214 evaluated, 213 expanded, t=0s, 3328 KB]
Best heuristic value: 13 [g=26, 287 evaluated, 286 expanded, t=0s, 3328 KB]
Best heuristic value: 12 [g=27, 301 evaluated, 300 expanded, t=0s, 3328 KB]
Best heuristic value: 11 [g=28, 316 evaluated, 315 expanded, t=0.02s, 3328 KB]
Best heuristic value: 10 [g=30, 330 evaluated, 329 expanded, t=0.02s, 3328 KB]
Best heuristic value: 9 [g=31, 339 evaluated, 338 expanded, t=0.02s, 3328 KB]
Best heuristic value: 8 [g=36, 396 evaluated, 395 expanded, t=0.02s, 3328 KB]
Best heuristic value: 7 [g=37, 407 evaluated, 406 expanded, t=0.02s, 3328 KB]
Best heuristic value: 6 [g=39, 425 evaluated, 424 expanded, t=0.02s, 3328 KB]
Best heuristic value: 5 [g=44, 479 evaluated, 478 expanded, t=0.02s, 3328 KB]
Best heuristic value: 4 [g=45, 484 evaluated, 483 expanded, t=0.02s, 3328 KB]
Best heuristic value: 3 [g=48, 506 evaluated, 505 expanded, t=0.02s, 3328 KB]
Best heuristic value: 2 [g=49, 515 evaluated, 514 expanded, t=0.02s, 3328 KB]
Best heuristic value: 1 [g=50, 516 evaluated, 515 expanded, t=0.02s, 3328 KB]
Solution found!
Actual search time: 0.02s [t=0.02s]
board vaclav vinohrady taxi1 (1)
work-taxi vaclav taxi1 (1)
board ondrej budejovicka metroc (1)
work-underground ondrej metroc (1)
disembark ondrej budejovicka metroc (1)
drive-car vaclav taxi1 vinohrady karlak (1)
drive-car vaclav taxi1 karlak butovice (1)
board petr butovice car1 (1)
drive-car petr car1 butovice budejovicka (1)
disembark petr budejovicka car1 (1)
work petr budejovicka (1)
board petr budejovicka car1 (1)
drive-car petr car1 budejovicka butovice (1)
disembark petr butovice car1 (1)
board petra butovice taxi1 (1)
board petruska butovice taxi1 (1)
drive-car vaclav taxi1 butovice prosek (1)
disembark petra prosek taxi1 (1)
work petra prosek (1)
board petra prosek taxi1 (1)
drive-car vaclav taxi1 prosek butovice (1)
disembark petra butovice taxi1 (1)
drive-car vaclav taxi1 butovice karlak (1)
disembark petruska karlak taxi1 (1)
walk petruska karlak staromak (1)
work petruska staromak (1)
walk petruska staromak karlak (1)
board petruska karlak taxi1 (1)
drive-car vaclav taxi1 karlak butovice (1)
disembark petruska butovice taxi1 (1)
drive-car vaclav taxi1 butovice karlak (1)
drive-car vaclav taxi1 karlak prosek (1)
board jan prosek taxi1 (1)
drive-car vaclav taxi1 prosek karlak (1)
disembark jan karlak taxi1 (1)
work jan karlak (1)
board jan karlak taxi1 (1)
drive-car vaclav taxi1 karlak prosek (1)
disembark jan prosek taxi1 (1)
board jana prosek taxi1 (1)
drive-car vaclav taxi1 prosek karlak (1)
drive-car vaclav taxi1 karlak vinohrady (1)
disembark jana vinohrady taxi1 (1)
work jana vinohrady (1)
board jana vinohrady taxi1 (1)
drive-car vaclav taxi1 vinohrady karlak (1)
drive-car vaclav taxi1 karlak prosek (1)
disembark jana prosek taxi1 (1)
drive-car vaclav taxi1 prosek karlak (1)
drive-car vaclav taxi1 karlak vinohrady (1)
disembark vaclav vinohrady taxi1 (1)
Plan length: 51 step(s).
Plan cost: 51
Initial state h value: 25.
Expanded 516 state(s).
Reopened 0 state(s).
Evaluated 517 state(s).
Evaluations: 1034
Generated 5124 state(s).
Dead ends: 0 state(s).
Search time: 0.02s
Total time: 0.02s
Solution found.
Peak memory: 3328 KB
returncode: 0

plan manager: found new plan with cost 51
remaining time: 1799.74
config 1: relative time 171, remaining 1470
g bound: 51
next plan number: 2
args: ['/opt/PAH/FD/src/search/downward-release', '--heuristic', 'h=ff(cost_type=one)', '--search', 'lazy_greedy(h,preferred=h,cost_type=one,bound=51)', '--internal-previous-portfolio-plans', '1', '--internal-plan-file', '../../../home/stolba/workspace/stolba/PAH2017/assignment/simcity/simple/fd-fdss/p01.solution']
timeout: 209.36 -> (210, 211)
reading input... [t=0s]
Simplifying transitions... done!
done reading input! [t=0s]
building causal graph...done! [t=0s]
packing state variables...done! [t=0s]
Variables: 17
Facts: 93
Bytes per state: 8
done initalizing global data [t=0s]
Conducting lazy best first search, (real) bound = 51
Initializing FF heuristic...
Initializing additive heuristic...
Simplifying 231 unary operators... done! [231 unary operators]
Best heuristic value: 25 [g=0, 1 evaluated, 0 expanded, t=0s, 3068 KB]
Best heuristic value: 24 [g=2, 23 evaluated, 22 expanded, t=0s, 3068 KB]
Best heuristic value: 23 [g=4, 30 evaluated, 29 expanded, t=0s, 3068 KB]
Best heuristic value: 22 [g=5, 31 evaluated, 30 expanded, t=0s, 3068 KB]
Best heuristic value: 21 [g=7, 52 evaluated, 51 expanded, t=0s, 3068 KB]
Best heuristic value: 20 [g=12, 115 evaluated, 114 expanded, t=0s, 3068 KB]
Best heuristic value: 19 [g=13, 116 evaluated, 115 expanded, t=0s, 3068 KB]
Best heuristic value: 18 [g=14, 117 evaluated, 116 expanded, t=0s, 3068 KB]
Best heuristic value: 17 [g=15, 118 evaluated, 117 expanded, t=0s, 3068 KB]
Best heuristic value: 16 [g=19, 150 evaluated, 149 expanded, t=0s, 3068 KB]
Best heuristic value: 15 [g=20, 153 evaluated, 152 expanded, t=0s, 3068 KB]
Best heuristic value: 14 [g=22, 163 evaluated, 162 expanded, t=0s, 3068 KB]
Best heuristic value: 13 [g=26, 184 evaluated, 183 expanded, t=0s, 3068 KB]
Best heuristic value: 12 [g=27, 185 evaluated, 184 expanded, t=0s, 3068 KB]
Best heuristic value: 11 [g=28, 186 evaluated, 185 expanded, t=0s, 3068 KB]
Best heuristic value: 10 [g=30, 190 evaluated, 189 expanded, t=0s, 3068 KB]
Best heuristic value: 9 [g=31, 191 evaluated, 190 expanded, t=0s, 3068 KB]
Best heuristic value: 8 [g=36, 206 evaluated, 205 expanded, t=0s, 3068 KB]
Best heuristic value: 7 [g=37, 207 evaluated, 206 expanded, t=0s, 3068 KB]
Best heuristic value: 6 [g=39, 210 evaluated, 209 expanded, t=0s, 3068 KB]
Best heuristic value: 5 [g=44, 219 evaluated, 218 expanded, t=0s, 3068 KB]
Best heuristic value: 4 [g=45, 220 evaluated, 219 expanded, t=0s, 3068 KB]
Best heuristic value: 3 [g=48, 224 evaluated, 223 expanded, t=0s, 3068 KB]
Best heuristic value: 2 [g=49, 225 evaluated, 224 expanded, t=0s, 3068 KB]
Best heuristic value: 1 [g=50, 226 evaluated, 225 expanded, t=0s, 3068 KB]
returncode: -9

remaining time: 1588.66
config 2: relative time 27, remaining 1299
g bound: 51
next plan number: 2
args: ['/opt/PAH/FD/src/search/downward-release', '--heuristic', 'hcea=cea(cost_type=one)', '--heuristic', 'hcg=cg(cost_type=one)', '--search', 'lazy_greedy(hcea,hcg,preferred=[hcea,hcg],cost_type=one,bound=51)', '--internal-previous-portfolio-plans', '1', '--internal-plan-file', '../../../home/stolba/workspace/stolba/PAH2017/assignment/simcity/simple/fd-fdss/p01.solution']
timeout: 33.02 -> (34, 35)
reading input... [t=0s]
Simplifying transitions... done!
done reading input! [t=0s]
building causal graph...done! [t=0s]
packing state variables...done! [t=0s]
Variables: 17
Facts: 93
Bytes per state: 8
done initalizing global data [t=0s]
Initializing heuristic cache... done!
Conducting lazy best first search, (real) bound = 51
Initializing causal graph heuristic...
Initializing context-enhanced additive heuristic...
Best heuristic value: 37 [g=0, 1 evaluated, 0 expanded, t=0s, 3328 KB]
Best heuristic value: 34 [g=1, 2 evaluated, 1 expanded, t=0s, 3328 KB]
Best heuristic value: 33 [g=2, 3 evaluated, 2 expanded, t=0s, 3328 KB]
Best heuristic value: 32 [g=3, 5 evaluated, 4 expanded, t=0s, 3328 KB]
Best heuristic value: 31 [g=4, 6 evaluated, 5 expanded, t=0s, 3328 KB]
Best heuristic value: 30 [g=5, 7 evaluated, 6 expanded, t=0s, 3328 KB]
Best heuristic value: 27 [g=6, 17 evaluated, 16 expanded, t=0s, 3328 KB]
Best heuristic value: 26 [g=7, 35 evaluated, 34 expanded, t=0s, 3328 KB]
Best heuristic value: 25 [g=8, 50 evaluated, 49 expanded, t=0s, 3328 KB]
Best heuristic value: 24 [g=11, 155 evaluated, 154 expanded, t=0s, 3328 KB]
Best heuristic value: 23 [g=13, 162 evaluated, 161 expanded, t=0s, 3328 KB]
Best heuristic value: 22 [g=14, 185 evaluated, 184 expanded, t=0s, 3328 KB]
Best heuristic value: 21 [g=16, 229 evaluated, 228 expanded, t=0s, 3328 KB]
Best heuristic value: 20 [g=17, 262 evaluated, 261 expanded, t=0s, 3328 KB]
Best heuristic value: 19 [g=18, 264 evaluated, 263 expanded, t=0s, 3328 KB]
Best heuristic value: 18 [g=20, 269 evaluated, 268 expanded, t=0s, 3328 KB]
Best heuristic value: 17 [g=21, 280 evaluated, 279 expanded, t=0s, 3328 KB]
Best heuristic value: 16 [g=24, 368 evaluated, 367 expanded, t=0s, 3464 KB]
Best heuristic value: 15 [g=25, 388 evaluated, 387 expanded, t=0s, 3464 KB]
Best heuristic value: 14 [g=26, 390 evaluated, 389 expanded, t=0s, 3464 KB]
Best heuristic value: 13 [g=27, 392 evaluated, 391 expanded, t=0s, 3464 KB]
Best heuristic value: 10 [g=33, 577 evaluated, 576 expanded, t=0.02s, 3464 KB]
Best heuristic value: 9 [g=34, 578 evaluated, 577 expanded, t=0.02s, 3464 KB]
Best heuristic value: 8 [g=40, 697 evaluated, 696 expanded, t=0.02s, 3464 KB]
Best heuristic value: 7 [g=41, 709 evaluated, 708 expanded, t=0.02s, 3464 KB]
Best heuristic value: 5 [g=42, 710 evaluated, 709 expanded, t=0.02s, 3464 KB]
Best heuristic value: 4 [g=43, 712 evaluated, 711 expanded, t=0.02s, 3464 KB]
Best heuristic value: 2 [g=47, 731 evaluated, 730 expanded, t=0.02s, 3464 KB]
Best heuristic value: 1 [g=48, 732 evaluated, 731 expanded, t=0.02s, 3464 KB]
Solution found!
Actual search time: 0.02s [t=0.02s]
board ondrej budejovicka metroc (1)
work-underground ondrej metroc (1)
board vaclav vinohrady taxi1 (1)
disembark ondrej budejovicka metroc (1)
work-taxi vaclav taxi1 (1)
board petr butovice car1 (1)
drive-car vaclav taxi1 vinohrady karlak (1)
drive-car vaclav taxi1 karlak prosek (1)
board jan prosek taxi1 (1)
board jana prosek taxi1 (1)
drive-car vaclav taxi1 prosek karlak (1)
disembark jan karlak taxi1 (1)
work jan karlak (1)
board jan karlak taxi1 (1)
drive-car vaclav taxi1 karlak prosek (1)
disembark jan prosek taxi1 (1)
drive-car vaclav taxi1 prosek karlak (1)
drive-car vaclav taxi1 karlak vinohrady (1)
disembark jana vinohrady taxi1 (1)
work jana vinohrady (1)
board jana vinohrady taxi1 (1)
drive-car vaclav taxi1 vinohrady karlak (1)
drive-car vaclav taxi1 karlak prosek (1)
disembark jana prosek taxi1 (1)
drive-car vaclav taxi1 prosek karlak (1)
drive-car vaclav taxi1 karlak vinohrady (1)
disembark vaclav vinohrady taxi1 (1)
board petra butovice car1 (1)
drive-car petr car1 butovice budejovicka (1)
disembark petr budejovicka car1 (1)
work petr budejovicka (1)
board petr budejovicka car1 (1)
drive-car petra car1 budejovicka butovice (1)
disembark petr butovice car1 (1)
board petruska butovice car1 (1)
drive-car petra car1 butovice karlak (1)
disembark petruska karlak car1 (1)
walk petruska karlak staromak (1)
work petruska staromak (1)
walk petruska staromak karlak (1)
board petruska karlak car1 (1)
drive-car petra car1 karlak butovice (1)
disembark petruska butovice car1 (1)
drive-car petra car1 butovice prosek (1)
disembark petra prosek car1 (1)
work petra prosek (1)
board petra prosek car1 (1)
drive-car petra car1 prosek butovice (1)
disembark petra butovice car1 (1)
Plan length: 49 step(s).
Plan cost: 49
Initial state h value: 37.
Expanded 732 state(s).
Reopened 0 state(s).
Evaluated 733 state(s).
Evaluations: 1466
Generated 7624 state(s).
Dead ends: 0 state(s).
Search time: 0.02s
Total time: 0.02s
Solution found.
Peak memory: 3464 KB
returncode: 0

plan manager: found new plan with cost 49
remaining time: 1588.64
config 3: relative time 340, remaining 1272
g bound: 49
next plan number: 3
args: ['/opt/PAH/FD/src/search/downward-release', '--heuristic', 'h=ff(cost_type=one)', '--search', 'lazy_wastar(h,w=3,preferred=h,cost_type=one,bound=49)', '--internal-previous-portfolio-plans', '2', '--internal-plan-file', '../../../home/stolba/workspace/stolba/PAH2017/assignment/simcity/simple/fd-fdss/p01.solution']
timeout: 424.64 -> (425, 426)
reading input... [t=0s]
Simplifying transitions... done!
done reading input! [t=0s]
building causal graph...done! [t=0s]
packing state variables...done! [t=0s]
Variables: 17
Facts: 93
Bytes per state: 8
done initalizing global data [t=0s]
Conducting lazy best first search, (real) bound = 49
Initializing FF heuristic...
Initializing additive heuristic...
Simplifying 231 unary operators... done! [231 unary operators]
Best heuristic value: 25 [g=0, 1 evaluated, 0 expanded, t=0s, 3068 KB]
Best heuristic value: 24 [g=2, 23 evaluated, 22 expanded, t=0s, 3068 KB]
Best heuristic value: 23 [g=4, 30 evaluated, 29 expanded, t=0s, 3068 KB]
Best heuristic value: 22 [g=5, 31 evaluated, 30 expanded, t=0s, 3068 KB]
Best heuristic value: 21 [g=7, 52 evaluated, 51 expanded, t=0s, 3068 KB]
Best heuristic value: 20 [g=9, 92 evaluated, 91 expanded, 1 reopened, t=0s, 3068 KB]
Best heuristic value: 19 [g=11, 96 evaluated, 95 expanded, 1 reopened, t=0s, 3068 KB]
Best heuristic value: 18 [g=13, 104 evaluated, 103 expanded, 1 reopened, t=0s, 3068 KB]
Best heuristic value: 17 [g=16, 141 evaluated, 140 expanded, 4 reopened, t=0s, 3068 KB]
Best heuristic value: 16 [g=17, 142 evaluated, 141 expanded, 4 reopened, t=0s, 3068 KB]
Best heuristic value: 15 [g=18, 143 evaluated, 142 expanded, 4 reopened, t=0s, 3068 KB]
Best heuristic value: 14 [g=20, 152 evaluated, 151 expanded, 4 reopened, t=0s, 3068 KB]
Best heuristic value: 13 [g=25, 231 evaluated, 230 expanded, 7 reopened, t=0s, 3068 KB]
Best heuristic value: 12 [g=26, 232 evaluated, 231 expanded, 7 reopened, t=0s, 3068 KB]
Best heuristic value: 11 [g=30, 245 evaluated, 244 expanded, 7 reopened, t=0s, 3068 KB]
Best heuristic value: 10 [g=34, 305 evaluated, 304 expanded, 11 reopened, t=0s, 3196 KB]
Best heuristic value: 9 [g=35, 306 evaluated, 305 expanded, 11 reopened, t=0s, 3196 KB]
Best heuristic value: 8 [g=36, 307 evaluated, 306 expanded, 11 reopened, t=0s, 3196 KB]
Best heuristic value: 7 [g=38, 311 evaluated, 310 expanded, 11 reopened, t=0s, 3196 KB]
Best heuristic value: 6 [g=39, 312 evaluated, 311 expanded, 11 reopened, t=0s, 3196 KB]
Best heuristic value: 5 [g=44, 325 evaluated, 324 expanded, 13 reopened, t=0s, 3196 KB]
Best heuristic value: 4 [g=45, 326 evaluated, 325 expanded, 13 reopened, t=0s, 3196 KB]
Best heuristic value: 3 [g=48, 332 evaluated, 331 expanded, 13 reopened, t=0s, 3196 KB]
Best heuristic value: 2 [g=47, 482 evaluated, 481 expanded, 32 reopened, t=0s, 3196 KB]
Best heuristic value: 1 [g=48, 483 evaluated, 482 expanded, 32 reopened, t=0s, 3196 KB]
Solution found!
Actual search time: 0.02s [t=0.02s]
board vaclav vinohrady taxi1 (1)
work-taxi vaclav taxi1 (1)
board ondrej budejovicka metroc (1)
work-underground ondrej metroc (1)
disembark ondrej budejovicka metroc (1)
board petr butovice car1 (1)
drive-car petr car1 butovice budejovicka (1)
disembark petr budejovicka car1 (1)
work petr budejovicka (1)
board petr budejovicka car1 (1)
drive-car petr car1 budejovicka butovice (1)
disembark petr butovice car1 (1)
board petra butovice car1 (1)
drive-car petra car1 butovice prosek (1)
disembark petra prosek car1 (1)
work petra prosek (1)
board petra prosek car1 (1)
drive-car petra car1 prosek butovice (1)
board petruska butovice car1 (1)
drive-car petra car1 butovice karlak (1)
disembark petruska karlak car1 (1)
walk petruska karlak staromak (1)
work petruska staromak (1)
walk petruska staromak karlak (1)
board petruska karlak car1 (1)
drive-car petra car1 karlak butovice (1)
disembark petra butovice car1 (1)
disembark petruska butovice car1 (1)
drive-car vaclav taxi1 vinohrady karlak (1)
drive-car vaclav taxi1 karlak prosek (1)
board jan prosek taxi1 (1)
board jana prosek taxi1 (1)
drive-car vaclav taxi1 prosek karlak (1)
disembark jan karlak taxi1 (1)
work jan karlak (1)
board jan karlak taxi1 (1)
drive-car vaclav taxi1 karlak vinohrady (1)
disembark jana vinohrady taxi1 (1)
work jana vinohrady (1)
board jana vinohrady taxi1 (1)
drive-car vaclav taxi1 vinohrady karlak (1)
drive-car vaclav taxi1 karlak prosek (1)
disembark jan prosek taxi1 (1)
disembark jana prosek taxi1 (1)
drive-car vaclav taxi1 prosek karlak (1)
drive-car vaclav taxi1 karlak vinohrady (1)
disembark vaclav vinohrady taxi1 (1)
Plan length: 47 step(s).
Plan cost: 47
Initial state h value: 25.
Expanded 523 state(s).
Reopened 45 state(s).
Evaluated 524 state(s).
Evaluations: 524
Generated 5320 state(s).
Dead ends: 0 state(s).
Search time: 0.02s
Total time: 0.02s
Solution found.
Peak memory: 3196 KB
returncode: 0

plan manager: found new plan with cost 47
remaining time: 1588.62
config 4: relative time 76, remaining 932
g bound: 47
next plan number: 4
args: ['/opt/PAH/FD/src/search/downward-release', '--heuristic', 'hff=ff(cost_type=one)', '--heuristic', 'hcg=cg(cost_type=one)', '--search', 'eager_greedy(hff,hcg,preferred=[hff,hcg],cost_type=one,bound=47)', '--internal-previous-portfolio-plans', '3', '--internal-plan-file', '../../../home/stolba/workspace/stolba/PAH2017/assignment/simcity/simple/fd-fdss/p01.solution']
timeout: 129.54 -> (130, 131)
reading input... [t=0s]
Simplifying transitions... done!
done reading input! [t=0s]
building causal graph...done! [t=0s]
packing state variables...done! [t=0s]
Variables: 17
Facts: 93
Bytes per state: 8
done initalizing global data [t=0s]
Initializing heuristic cache... done!
Conducting best first search without reopening closed nodes, (real) bound = 47
Initializing FF heuristic...
Initializing additive heuristic...
Simplifying 231 unary operators... done! [231 unary operators]
Initializing causal graph heuristic...
Best heuristic value: 25 [g=0, 1 evaluated, 0 expanded, t=0s, 3328 KB]
Best heuristic value: 24 [g=2, 12 evaluated, 2 expanded, t=0s, 3328 KB]
Best heuristic value: 23 [g=4, 20 evaluated, 4 expanded, t=0s, 3328 KB]
Best heuristic value: 22 [g=5, 27 evaluated, 5 expanded, t=0s, 3328 KB]
Best heuristic value: 21 [g=7, 67 evaluated, 13 expanded, t=0s, 3328 KB]
Best heuristic value: 20 [g=11, 217 evaluated, 37 expanded, t=0s, 3328 KB]
Best heuristic value: 19 [g=12, 226 evaluated, 38 expanded, t=0s, 3328 KB]
Best heuristic value: 18 [g=13, 235 evaluated, 39 expanded, t=0s, 3328 KB]
Best heuristic value: 17 [g=14, 244 evaluated, 40 expanded, t=0s, 3328 KB]
Best heuristic value: 16 [g=19, 389 evaluated, 60 expanded, t=0s, 3328 KB]
Best heuristic value: 15 [g=20, 399 evaluated, 61 expanded, t=0.02s, 3328 KB]
Best heuristic value: 14 [g=22, 432 evaluated, 65 expanded, t=0.02s, 3328 KB]
Best heuristic value: 13 [g=26, 541 evaluated, 81 expanded, t=0.02s, 3328 KB]
Best heuristic value: 12 [g=27, 548 evaluated, 82 expanded, t=0.02s, 3328 KB]
Best heuristic value: 11 [g=28, 567 evaluated, 85 expanded, t=0.02s, 3328 KB]
Best heuristic value: 10 [g=30, 593 evaluated, 89 expanded, t=0.02s, 3328 KB]
Best heuristic value: 9 [g=31, 604 evaluated, 90 expanded, t=0.02s, 3328 KB]
Best heuristic value: 8 [g=35, 716 evaluated, 107 expanded, t=0.02s, 3328 KB]
Best heuristic value: 7 [g=36, 727 evaluated, 108 expanded, t=0.02s, 3328 KB]
Best heuristic value: 6 [g=38, 784 evaluated, 116 expanded, t=0.02s, 3328 KB]
Best heuristic value: 5 [g=43, 845 evaluated, 125 expanded, t=0.02s, 3328 KB]
Best heuristic value: 4 [g=44, 852 evaluated, 126 expanded, t=0.02s, 3328 KB]
returncode: -24

remaining time: 1458.63
config 5: relative time 88, remaining 856
g bound: 47
next plan number: 4
args: ['/opt/PAH/FD/src/search/downward-release', '--heuristic', 'h=ff(cost_type=one)', '--search', 'eager_greedy(h,preferred=h,cost_type=one,bound=47)', '--internal-previous-portfolio-plans', '3', '--internal-plan-file', '../../../home/stolba/workspace/stolba/PAH2017/assignment/simcity/simple/fd-fdss/p01.solution']
timeout: 149.95 -> (150, 151)
reading input... [t=0s]
Simplifying transitions... done!
done reading input! [t=0s]
building causal graph...done! [t=0s]
packing state variables...done! [t=0s]
Variables: 17
Facts: 93
Bytes per state: 8
done initalizing global data [t=0s]
Conducting best first search without reopening closed nodes, (real) bound = 47
Initializing FF heuristic...
Initializing additive heuristic...
Simplifying 231 unary operators... done! [231 unary operators]
Best heuristic value: 25 [g=0, 1 evaluated, 0 expanded, t=0s, 3068 KB]
Best heuristic value: 24 [g=2, 27 evaluated, 5 expanded, t=0s, 3068 KB]
Best heuristic value: 23 [g=4, 35 evaluated, 7 expanded, t=0s, 3068 KB]
Best heuristic value: 22 [g=5, 42 evaluated, 8 expanded, t=0s, 3068 KB]
Best heuristic value: 21 [g=7, 71 evaluated, 14 expanded, t=0s, 3068 KB]
Best heuristic value: 20 [g=11, 201 evaluated, 33 expanded, t=0s, 3068 KB]
Best heuristic value: 19 [g=12, 210 evaluated, 34 expanded, t=0s, 3068 KB]
Best heuristic value: 18 [g=13, 219 evaluated, 35 expanded, t=0s, 3068 KB]
Best heuristic value: 17 [g=14, 228 evaluated, 36 expanded, t=0s, 3068 KB]
Best heuristic value: 16 [g=19, 346 evaluated, 51 expanded, t=0s, 3068 KB]
Best heuristic value: 15 [g=20, 356 evaluated, 52 expanded, t=0s, 3068 KB]
Best heuristic value: 14 [g=22, 389 evaluated, 56 expanded, t=0s, 3068 KB]
Best heuristic value: 13 [g=26, 463 evaluated, 66 expanded, t=0s, 3068 KB]
Best heuristic value: 12 [g=27, 471 evaluated, 67 expanded, t=0s, 3068 KB]
Best heuristic value: 11 [g=28, 480 evaluated, 68 expanded, t=0s, 3068 KB]
Best heuristic value: 10 [g=30, 497 evaluated, 70 expanded, t=0s, 3068 KB]
Best heuristic value: 9 [g=31, 508 evaluated, 71 expanded, t=0s, 3068 KB]
Best heuristic value: 8 [g=35, 582 evaluated, 82 expanded, t=0s, 3068 KB]
Best heuristic value: 7 [g=36, 593 evaluated, 83 expanded, t=0s, 3068 KB]
Best heuristic value: 6 [g=38, 610 evaluated, 85 expanded, t=0s, 3068 KB]
Best heuristic value: 5 [g=43, 665 evaluated, 93 expanded, t=0s, 3068 KB]
Best heuristic value: 4 [g=44, 673 evaluated, 94 expanded, t=0s, 3068 KB]
Best heuristic value: 3 [g=45, 31339 evaluated, 6635 expanded, t=0.4s, 4736 KB]
Best heuristic value: 2 [g=46, 31352 evaluated, 6636 expanded, t=0.4s, 4736 KB]
