INFO     Running translator.
INFO     translator inputs: ['../../../home/stolba/workspace/stolba/PAH2017/assignment/simcity/simple/domain.pddl', '../../../home/stolba/workspace/stolba/PAH2017/assignment/simcity/simple/p01.pddl']
INFO     translator arguments: []
Parsing...
Parsing: [0.000s CPU, 0.003s wall-clock]
Normalizing task... [0.000s CPU, 0.000s wall-clock]
Instantiating...
Generating Datalog program... [0.000s CPU, 0.001s wall-clock]
Normalizing Datalog program...
Normalizing Datalog program: [0.010s CPU, 0.005s wall-clock]
Preparing model... [0.000s CPU, 0.002s wall-clock]
Generated 45 rules.
Computing model... [0.010s CPU, 0.014s wall-clock]
432 relevant atoms
383 auxiliary atoms
815 final queue length
970 total queue pushes
Completing instantiation... [0.010s CPU, 0.012s wall-clock]
Instantiating: [0.030s CPU, 0.035s wall-clock]
Computing fact groups...
Finding invariants...
11 initial candidates
Finding invariants: [0.000s CPU, 0.003s wall-clock]
Checking invariant weight... [0.000s CPU, 0.000s wall-clock]
Instantiating groups... [0.010s CPU, 0.001s wall-clock]
Collecting mutex groups... [0.000s CPU, 0.000s wall-clock]
Choosing groups...
7 uncovered facts
Choosing groups: [0.000s CPU, 0.000s wall-clock]
Building translation key... [0.000s CPU, 0.000s wall-clock]
Computing fact groups: [0.010s CPU, 0.005s wall-clock]
Building STRIPS to SAS dictionary... [0.000s CPU, 0.000s wall-clock]
Building dictionary for full mutex groups... [0.000s CPU, 0.000s wall-clock]
Building mutex information...
Building mutex information: [0.000s CPU, 0.000s wall-clock]
Translating task...
Processing axioms...
Simplifying axioms... [0.000s CPU, 0.000s wall-clock]
Processing axioms: [0.000s CPU, 0.001s wall-clock]
Translating task: [0.010s CPU, 0.011s wall-clock]
0 effect conditions simplified
0 implied preconditions added
Detecting unreachable propositions...
0 operators removed
10 propositions removed
Detecting unreachable propositions: [0.000s CPU, 0.002s wall-clock]
Translator variables: 17
Translator derived variables: 0
Translator facts: 93
Translator goal facts: 14
Translator mutex groups: 10
Translator total mutex groups size: 79
Translator operators: 231
Translator axioms: 0
Translator task size: 1078
Translator peak memory: 35704 KB
Writing output... [0.000s CPU, 0.002s wall-clock]
Done! [0.050s CPU, 0.060s wall-clock]
INFO     Running preprocessor.
INFO     preprocessor input: output.sas
INFO     preprocessor arguments: []
Building causal graph...
The causal graph is not acyclic.
17 variables of 17 necessary
0 of 10 mutex groups necessary.
231 of 231 operators necessary.
0 of 0 axiom rules necessary.
Building domain transition graphs...
solveable in poly time 0
Building successor generator...
Preprocessor facts: 93
Preprocessor derived variables: 0
Preprocessor task size: 999
Writing output...
done
INFO     Running search.
INFO     search input: output
INFO     search executable: /opt/pah_planners/FD/src/search/downward-release
INFO     search portfolio: /opt/pah_planners/FD/src/driver/portfolios/seq_opt_merge_and_shrink.py
External time limits: -1, -1
Internal time limit: 1800
External memory limits: -1, -1
Internal memory limit: None
remaining time at start: 1799.84
remaining time: 1799.68
config 0: relative time 800, remaining 1800
args: ['/opt/pah_planners/FD/src/search/downward-release', '--search', 'astar(merge_and_shrink(merge_strategy=merge_linear(variable_order=reverse_level),shrink_strategy=shrink_bisimulation(max_states=infinity,threshold=1,greedy=true,group_by_h=false)))', '--internal-plan-file', '../../../home/stolba/workspace/stolba/PAH2017/assignment/simcity/simple/fd-ms/p01.solution']
timeout: 799.86 -> (800, 801)
reading input... [t=0s]
Simplifying transitions... done!
done reading input! [t=0s]
building causal graph...done! [t=0s]
packing state variables...done! [t=0s]
Variables: 17
Facts: 93
Bytes per state: 8
done initalizing global data [t=0s]
Conducting best first search with reopening closed nodes, (real) bound = 2147483647
Initializing merge-and-shrink heuristic...
Merge strategy: linear
Linear merge strategy: Variable order type: by reverse level
Shrink strategy: bisimulation
Transition system size limit: 2147483647
Transition system size limit right before merge: 2147483647
Bisimulation type: greedy
Bisimulation threshold: 1
Group by h: no
At limit: return
Label reduction: all transition systems with fixpoint computation
System order: random
Expensive statistics: disabled
Building transition system...
Building atomic transition systems... 
Atomic transition system #0: computing distances using unit-cost algorithm
Atomic transition system #1: computing distances using unit-cost algorithm
Atomic transition system #2: computing distances using unit-cost algorithm
Atomic transition system #3: computing distances using unit-cost algorithm
Atomic transition system #4: computing distances using unit-cost algorithm
Atomic transition system #5: computing distances using unit-cost algorithm
Atomic transition system #6: computing distances using unit-cost algorithm
Atomic transition system #7: computing distances using unit-cost algorithm
Atomic transition system #8: computing distances using unit-cost algorithm
Atomic transition system #9: computing distances using unit-cost algorithm
Atomic transition system #10: computing distances using unit-cost algorithm
Atomic transition system #11: computing distances using unit-cost algorithm
Atomic transition system #12: computing distances using unit-cost algorithm
Atomic transition system #13: computing distances using unit-cost algorithm
Atomic transition system #14: computing distances using unit-cost algorithm
Atomic transition system #15: computing distances using unit-cost algorithm
Atomic transition system #16: computing distances using unit-cost algorithm
Merging transition systems...
First variable: 0
Next variable: 1
Label reduction: 231 labels, 220 after reduction
Label reduction: 220 labels, 207 after reduction
Label reduction: 207 labels, 189 after reduction
Label reduction: 189 labels, 171 after reduction
Label reduction: 171 labels, 168 after reduction
Label reduction: 168 labels, 155 after reduction
Label reduction: 155 labels, 142 after reduction
Label reduction: 142 labels, 120 after reduction
Label reduction: 120 labels, 107 after reduction
Label reduction: 107 labels, 89 after reduction
Atomic transition system #0: 3 states, ???/25 arcs, 7864 bytes
Atomic transition system #0: init h=0, max f=2, max g=2, max h=0 [t=0.02s]
Atomic transition system #1: 5 states, ???/47 arcs, 8064 bytes
Atomic transition system #1: init h=0, max f=3, max g=3, max h=0 [t=0.02s]
Atomic transition system #1: shrink from size 5 (threshold: 1)
Atomic transition system #1: applying abstraction (5 to 1 states)
Atomic transition system #1: applying abstraction to lookup table
Atomic transition system #1: simplification was not f-preserving!
Atomic transition system #1: computing distances using unit-cost algorithm
Atomic transition system #1: size after shrink 1, target 5
Atomic transition system #0: shrink from size 3 (threshold: 1)
Atomic transition system #0: applying abstraction (3 to 1 states)
Atomic transition system #0: applying abstraction to lookup table
Atomic transition system #0: simplification was not f-preserving!
Atomic transition system #0: computing distances using unit-cost algorithm
Atomic transition system #0: size after shrink 1, target 3
Atomic transition system #0: 1 states, ???/22 arcs, 7848 bytes
Atomic transition system #0: init h=0, max f=0, max g=0, max h=0 [t=0.02s]
Atomic transition system #1: 1 states, ???/36 arcs, 8032 bytes
Atomic transition system #1: init h=0, max f=0, max g=0, max h=0 [t=0.02s]
Merging atomic transition system #0 and atomic transition system #1
Transition system (2/17 vars): computing distances using unit-cost algorithm
Transition system (2/17 vars): 1 states, ???/58 arcs, 8120 bytes
Transition system (2/17 vars): init h=0, max f=0, max g=0, max h=0 [t=0.02s]
Next variable: 2
Label reduction: 89 labels, 82 after reduction
Label reduction: 82 labels, 75 after reduction
Label reduction: 75 labels, 68 after reduction
Label reduction: 68 labels, 60 after reduction
Label reduction: 60 labels, 53 after reduction
Label reduction: 53 labels, 45 after reduction
Label reduction: 45 labels, 38 after reduction
Transition system (2/17 vars): 1 states, ???/7 arcs, 7712 bytes
Transition system (2/17 vars): init h=0, max f=0, max g=0, max h=0 [t=0.02s]
Atomic transition system #2: 9 states, ???/24 arcs, 7928 bytes
Atomic transition system #2: init h=0, max f=6, max g=3, max h=3 [t=0.02s]
Atomic transition system #2: shrink from size 9 (threshold: 1)
Atomic transition system #2: applying abstraction (9 to 4 states)
Atomic transition system #2: applying abstraction to lookup table
Atomic transition system #2: size after shrink 4, target 9
Transition system (2/17 vars): 1 states, ???/7 arcs, 7712 bytes
Transition system (2/17 vars): init h=0, max f=0, max g=0, max h=0 [t=0.02s]
Atomic transition system #2: 4 states, ???/9 arcs, 7888 bytes
Atomic transition system #2: init h=0, max f=6, max g=3, max h=3 [t=0.02s]
Merging transition system (2/17 vars) and atomic transition system #2
Transition system (3/17 vars): computing distances using unit-cost algorithm
Transition system (3/17 vars): 4 states, ???/33 arcs, 7956 bytes
Transition system (3/17 vars): init h=0, max f=6, max g=3, max h=3 [t=0.02s]
Next variable: 3
Label reduction: 38 labels, 37 after reduction
Transition system (3/17 vars): 4 states, ???/33 arcs, 7956 bytes
Transition system (3/17 vars): init h=0, max f=6, max g=3, max h=3 [t=0.02s]
Atomic transition system #3: 9 states, ???/24 arcs, 7928 bytes
Atomic transition system #3: init h=0, max f=6, max g=3, max h=3 [t=0.02s]
Atomic transition system #3: shrink from size 9 (threshold: 1)
Atomic transition system #3: applying abstraction (9 to 7 states)
Atomic transition system #3: applying abstraction to lookup table
Atomic transition system #3: size after shrink 7, target 9
Transition system (3/17 vars): shrink from size 4 (threshold: 1)
Transition system (3/17 vars): not applying abstraction (same number of states)
Transition system (3/17 vars): size after shrink 4, target 4
Transition system (3/17 vars): 4 states, ???/33 arcs, 7956 bytes
Transition system (3/17 vars): init h=0, max f=6, max g=3, max h=3 [t=0.02s]
Atomic transition system #3: 7 states, ???/18 arcs, 7912 bytes
Atomic transition system #3: init h=0, max f=6, max g=3, max h=3 [t=0.02s]
Merging transition system (3/17 vars) and atomic transition system #3
Transition system (4/17 vars): computing distances using unit-cost algorithm
Transition system (4/17 vars): 28 states, ???/275 arcs, 10216 bytes
Transition system (4/17 vars): init h=0, max f=12, max g=6, max h=6 [t=0.02s]
Next variable: 4
Label reduction: 37 labels, 35 after reduction
Transition system (4/17 vars): 28 states, ???/273 arcs, 10200 bytes
Transition system (4/17 vars): init h=0, max f=12, max g=6, max h=6 [t=0.02s]
Atomic transition system #4: 2 states, ???/2 arcs, 7668 bytes
Atomic transition system #4: init h=1, max f=1, max g=1, max h=1 [t=0.02s]
Atomic transition system #4: shrink from size 2 (threshold: 1)
Atomic transition system #4: not applying abstraction (same number of states)
Atomic transition system #4: size after shrink 2, target 2
Transition system (4/17 vars): shrink from size 28 (threshold: 1)
Transition system (4/17 vars): applying abstraction (28 to 7 states)
Transition system (4/17 vars): applying abstraction to lookup table
Transition system (4/17 vars): size after shrink 7, target 28
Transition system (4/17 vars): 7 states, ???/60 arcs, 10032 bytes
Transition system (4/17 vars): init h=0, max f=12, max g=6, max h=6 [t=0.02s]
Atomic transition system #4: 2 states, ???/2 arcs, 7668 bytes
Atomic transition system #4: init h=1, max f=1, max g=1, max h=1 [t=0.02s]
Merging transition system (4/17 vars) and atomic transition system #4
Transition system (5/17 vars): computing distances using unit-cost algorithm
Transition system (5/17 vars): 14 states, ???/120 arcs, 8844 bytes
Transition system (5/17 vars): init h=3, max f=13, max g=7, max h=7 [t=0.02s]
Next variable: 5
Label reduction: 35 labels, 34 after reduction
Transition system (5/17 vars): 14 states, ???/116 arcs, 8812 bytes
Transition system (5/17 vars): init h=3, max f=13, max g=7, max h=7 [t=0.02s]
Atomic transition system #5: 2 states, ???/2 arcs, 7668 bytes
Atomic transition system #5: init h=1, max f=1, max g=1, max h=1 [t=0.02s]
Atomic transition system #5: shrink from size 2 (threshold: 1)
Atomic transition system #5: not applying abstraction (same number of states)
Atomic transition system #5: size after shrink 2, target 2
Transition system (5/17 vars): shrink from size 14 (threshold: 1)
Transition system (5/17 vars): applying abstraction (14 to 8 states)
Transition system (5/17 vars): applying abstraction to lookup table
Transition system (5/17 vars): simplification was not f-preserving!
Transition system (5/17 vars): computing distances using unit-cost algorithm
Transition system (5/17 vars): size after shrink 8, target 14
Transition system (5/17 vars): 8 states, ???/65 arcs, 8764 bytes
Transition system (5/17 vars): init h=3, max f=11, max g=4, max h=7 [t=0.02s]
Atomic transition system #5: 2 states, ???/2 arcs, 7668 bytes
Atomic transition system #5: init h=1, max f=1, max g=1, max h=1 [t=0.02s]
Merging transition system (5/17 vars) and atomic transition system #5
Transition system (6/17 vars): computing distances using unit-cost algorithm
Transition system (6/17 vars): 16 states, ???/130 arcs, 8960 bytes
Transition system (6/17 vars): init h=4, max f=12, max g=5, max h=8 [t=0.02s]
Next variable: 6
Label reduction: 34 labels, 33 after reduction
Transition system (6/17 vars): 16 states, ???/125 arcs, 8920 bytes
Transition system (6/17 vars): init h=4, max f=12, max g=5, max h=8 [t=0.02s]
Atomic transition system #6: 5 states, ???/39 arcs, 8000 bytes
Atomic transition system #6: init h=0, max f=2, max g=2, max h=0 [t=0.02s]
Atomic transition system #6: shrink from size 5 (threshold: 1)
Atomic transition system #6: applying abstraction (5 to 1 states)
Atomic transition system #6: applying abstraction to lookup table
Atomic transition system #6: simplification was not f-preserving!
Atomic transition system #6: computing distances using unit-cost algorithm
Atomic transition system #6: size after shrink 1, target 5
Transition system (6/17 vars): shrink from size 16 (threshold: 1)
Transition system (6/17 vars): applying abstraction (16 to 9 states)
Transition system (6/17 vars): applying abstraction to lookup table
Transition system (6/17 vars): simplification was not f-preserving!
Transition system (6/17 vars): computing distances using unit-cost algorithm
Transition system (6/17 vars): size after shrink 9, target 16
Transition system (6/17 vars): 9 states, ???/68 arcs, 8864 bytes
Transition system (6/17 vars): init h=4, max f=12, max g=4, max h=8 [t=0.02s]
Atomic transition system #6: 1 states, ???/17 arcs, 7968 bytes
Atomic transition system #6: init h=0, max f=0, max g=0, max h=0 [t=0.02s]
Merging transition system (6/17 vars) and atomic transition system #6
Transition system (7/17 vars): computing distances using unit-cost algorithm
Transition system (7/17 vars): 9 states, ???/221 arcs, 9616 bytes
Transition system (7/17 vars): init h=4, max f=12, max g=4, max h=8 [t=0.02s]
Next variable: 7
Label reduction: 33 labels, 27 after reduction
Label reduction: 27 labels, 22 after reduction
Label reduction: 22 labels, 16 after reduction
Transition system (7/17 vars): 9 states, ???/68 arcs, 8392 bytes
Transition system (7/17 vars): init h=4, max f=12, max g=4, max h=8 [t=0.02s]
Atomic transition system #7: 10 states, ???/34 arcs, 8020 bytes
Atomic transition system #7: init h=0, max f=6, max g=3, max h=3 [t=0.02s]
Atomic transition system #7: shrink from size 10 (threshold: 1)
Atomic transition system #7: applying abstraction (10 to 5 states)
Atomic transition system #7: applying abstraction to lookup table
Atomic transition system #7: size after shrink 5, target 10
Transition system (7/17 vars): shrink from size 9 (threshold: 1)
Transition system (7/17 vars): not applying abstraction (same number of states)
Transition system (7/17 vars): size after shrink 9, target 9
Transition system (7/17 vars): 9 states, ???/68 arcs, 8392 bytes
Transition system (7/17 vars): init h=4, max f=12, max g=4, max h=8 [t=0.02s]
Atomic transition system #7: 5 states, ???/12 arcs, 7980 bytes
Atomic transition system #7: init h=0, max f=6, max g=3, max h=3 [t=0.02s]
Merging transition system (7/17 vars) and atomic transition system #7
Transition system (8/17 vars): computing distances using unit-cost algorithm
Transition system (8/17 vars): 45 states, ???/403 arcs, 11536 bytes
Transition system (8/17 vars): init h=4, max f=18, max g=7, max h=11 [t=0.02s]
Next variable: 8
Label reduction: 16 labels, 14 after reduction
Transition system (8/17 vars): 45 states, ???/396 arcs, 11480 bytes
Transition system (8/17 vars): init h=4, max f=18, max g=7, max h=11 [t=0.02s]
Atomic transition system #8: 10 states, ???/34 arcs, 8020 bytes
Atomic transition system #8: init h=0, max f=6, max g=3, max h=3 [t=0.02s]
Atomic transition system #8: shrink from size 10 (threshold: 1)
Atomic transition system #8: applying abstraction (10 to 5 states)
Atomic transition system #8: applying abstraction to lookup table
Atomic transition system #8: size after shrink 5, target 10
Transition system (8/17 vars): shrink from size 45 (threshold: 1)
Transition system (8/17 vars): applying abstraction (45 to 12 states)
Transition system (8/17 vars): applying abstraction to lookup table
Transition system (8/17 vars): simplification was not f-preserving!
Transition system (8/17 vars): computing distances using unit-cost algorithm
Transition system (8/17 vars): size after shrink 12, target 45
Transition system (8/17 vars): 12 states, ???/90 arcs, 11184 bytes
Transition system (8/17 vars): init h=4, max f=18, max g=7, max h=11 [t=0.02s]
Atomic transition system #8: 5 states, ???/12 arcs, 7980 bytes
Atomic transition system #8: init h=0, max f=6, max g=3, max h=3 [t=0.02s]
Merging transition system (8/17 vars) and atomic transition system #8
Transition system (9/17 vars): computing distances using unit-cost algorithm
Transition system (9/17 vars): 60 states, ???/534 arcs, 12800 bytes
Transition system (9/17 vars): init h=4, max f=24, max g=10, max h=14 [t=0.02s]
Next variable: 9
Label reduction: 14 labels, 12 after reduction
Transition system (9/17 vars): 60 states, ???/523 arcs, 12712 bytes
Transition system (9/17 vars): init h=4, max f=24, max g=10, max h=14 [t=0.02s]
Atomic transition system #9: 2 states, ???/2 arcs, 7668 bytes
Atomic transition system #9: init h=1, max f=1, max g=1, max h=1 [t=0.02s]
Atomic transition system #9: shrink from size 2 (threshold: 1)
Atomic transition system #9: not applying abstraction (same number of states)
Atomic transition system #9: size after shrink 2, target 2
Transition system (9/17 vars): shrink from size 60 (threshold: 1)
Transition system (9/17 vars): applying abstraction (60 to 15 states)
Transition system (9/17 vars): applying abstraction to lookup table
Transition system (9/17 vars): simplification was not f-preserving!
Transition system (9/17 vars): computing distances using unit-cost algorithm
Transition system (9/17 vars): size after shrink 15, target 60
Transition system (9/17 vars): 15 states, ???/111 arcs, 12320 bytes
Transition system (9/17 vars): init h=4, max f=24, max g=10, max h=14 [t=0.02s]
Atomic transition system #9: 2 states, ???/2 arcs, 7668 bytes
Atomic transition system #9: init h=1, max f=1, max g=1, max h=1 [t=0.02s]
Merging transition system (9/17 vars) and atomic transition system #9
Transition system (10/17 vars): computing distances using unit-cost algorithm
Transition system (10/17 vars): 30 states, ???/222 arcs, 9948 bytes
Transition system (10/17 vars): init h=5, max f=25, max g=11, max h=15 [t=0.02s]
Next variable: 10
Label reduction: 12 labels, 11 after reduction
Transition system (10/17 vars): 30 states, ???/210 arcs, 9852 bytes
Transition system (10/17 vars): init h=5, max f=25, max g=11, max h=15 [t=0.02s]
Atomic transition system #10: 10 states, ???/33 arcs, 8012 bytes
Atomic transition system #10: init h=0, max f=6, max g=3, max h=3 [t=0.02s]
Atomic transition system #10: shrink from size 10 (threshold: 1)
Atomic transition system #10: applying abstraction (10 to 5 states)
Atomic transition system #10: applying abstraction to lookup table
Atomic transition system #10: size after shrink 5, target 10
Transition system (10/17 vars): shrink from size 30 (threshold: 1)
Transition system (10/17 vars): applying abstraction (30 to 16 states)
Transition system (10/17 vars): applying abstraction to lookup table
Transition system (10/17 vars): simplification was not f-preserving!
Transition system (10/17 vars): computing distances using unit-cost algorithm
Transition system (10/17 vars): size after shrink 16, target 30
Transition system (10/17 vars): 16 states, ???/106 arcs, 9740 bytes
Transition system (10/17 vars): init h=5, max f=25, max g=10, max h=15 [t=0.02s]
Atomic transition system #10: 5 states, ???/11 arcs, 7972 bytes
Atomic transition system #10: init h=0, max f=6, max g=3, max h=3 [t=0.02s]
Merging transition system (10/17 vars) and atomic transition system #10
Transition system (11/17 vars): computing distances using unit-cost algorithm
Transition system (11/17 vars): 80 states, ???/626 arcs, 13856 bytes
Transition system (11/17 vars): init h=5, max f=31, max g=13, max h=18 [t=0.02s]
Next variable: 11
Label reduction: 11 labels, 9 after reduction
Transition system (11/17 vars): 80 states, ???/626 arcs, 13856 bytes
Transition system (11/17 vars): init h=5, max f=31, max g=13, max h=18 [t=0.02s]
Atomic transition system #11: 2 states, ???/2 arcs, 7668 bytes
Atomic transition system #11: init h=1, max f=1, max g=1, max h=1 [t=0.02s]
Atomic transition system #11: shrink from size 2 (threshold: 1)
Atomic transition system #11: not applying abstraction (same number of states)
Atomic transition system #11: size after shrink 2, target 2
Transition system (11/17 vars): shrink from size 80 (threshold: 1)
Transition system (11/17 vars): applying abstraction (80 to 19 states)
Transition system (11/17 vars): applying abstraction to lookup table
Transition system (11/17 vars): simplification was not f-preserving!
Transition system (11/17 vars): computing distances using unit-cost algorithm
Transition system (11/17 vars): size after shrink 19, target 80
Transition system (11/17 vars): 19 states, ???/124 arcs, 13304 bytes
Transition system (11/17 vars): init h=5, max f=31, max g=13, max h=18 [t=0.02s]
Atomic transition system #11: 2 states, ???/2 arcs, 7668 bytes
Atomic transition system #11: init h=1, max f=1, max g=1, max h=1 [t=0.02s]
Merging transition system (11/17 vars) and atomic transition system #11
Transition system (12/17 vars): computing distances using unit-cost algorithm
Transition system (12/17 vars): 38 states, ???/248 arcs, 10332 bytes
Transition system (12/17 vars): init h=6, max f=32, max g=14, max h=19 [t=0.02s]
Next variable: 12
Label reduction: 9 labels, 8 after reduction
Transition system (12/17 vars): 38 states, ???/232 arcs, 10204 bytes
Transition system (12/17 vars): init h=6, max f=32, max g=14, max h=19 [t=0.02s]
Atomic transition system #12: 2 states, ???/2 arcs, 7668 bytes
Atomic transition system #12: init h=1, max f=1, max g=1, max h=1 [t=0.02s]
Atomic transition system #12: shrink from size 2 (threshold: 1)
Atomic transition system #12: not applying abstraction (same number of states)
Atomic transition system #12: size after shrink 2, target 2
Transition system (12/17 vars): shrink from size 38 (threshold: 1)
Transition system (12/17 vars): applying abstraction (38 to 20 states)
Transition system (12/17 vars): applying abstraction to lookup table
Transition system (12/17 vars): simplification was not f-preserving!
Transition system (12/17 vars): computing distances using unit-cost algorithm
Transition system (12/17 vars): size after shrink 20, target 38
Transition system (12/17 vars): 20 states, ???/114 arcs, 10028 bytes
Transition system (12/17 vars): init h=6, max f=32, max g=13, max h=19 [t=0.02s]
Atomic transition system #12: 2 states, ???/2 arcs, 7668 bytes
Atomic transition system #12: init h=1, max f=1, max g=1, max h=1 [t=0.02s]
Merging transition system (12/17 vars) and atomic transition system #12
Transition system (13/17 vars): computing distances using unit-cost algorithm
Transition system (13/17 vars): 40 states, ???/228 arcs, 10208 bytes
Transition system (13/17 vars): init h=7, max f=33, max g=14, max h=20 [t=0.02s]
Next variable: 13
Label reduction: 8 labels, 7 after reduction
Transition system (13/17 vars): 40 states, ???/211 arcs, 10072 bytes
Transition system (13/17 vars): init h=7, max f=33, max g=14, max h=20 [t=0.02s]
Atomic transition system #13: 9 states, ???/23 arcs, 7920 bytes
Atomic transition system #13: init h=0, max f=6, max g=3, max h=3 [t=0.02s]
Atomic transition system #13: shrink from size 9 (threshold: 1)
Atomic transition system #13: applying abstraction (9 to 4 states)
Atomic transition system #13: applying abstraction to lookup table
Atomic transition system #13: size after shrink 4, target 9
Transition system (13/17 vars): shrink from size 40 (threshold: 1)
Transition system (13/17 vars): applying abstraction (40 to 21 states)
Transition system (13/17 vars): applying abstraction to lookup table
Transition system (13/17 vars): simplification was not f-preserving!
Transition system (13/17 vars): computing distances using unit-cost algorithm
Transition system (13/17 vars): size after shrink 21, target 40
Transition system (13/17 vars): 21 states, ???/102 arcs, 9888 bytes
Transition system (13/17 vars): init h=7, max f=33, max g=13, max h=20 [t=0.02s]
Atomic transition system #13: 4 states, ???/8 arcs, 7880 bytes
Atomic transition system #13: init h=0, max f=6, max g=3, max h=3 [t=0.02s]
Merging transition system (13/17 vars) and atomic transition system #13
Transition system (14/17 vars): computing distances using unit-cost algorithm
Transition system (14/17 vars): 84 states, ???/492 arcs, 12892 bytes
Transition system (14/17 vars): init h=7, max f=39, max g=16, max h=23 [t=0.02s]
Next variable: 14
Label reduction: 7 labels, 5 after reduction
Transition system (14/17 vars): 84 states, ???/472 arcs, 12732 bytes
Transition system (14/17 vars): init h=7, max f=39, max g=16, max h=23 [t=0.02s]
Atomic transition system #14: 2 states, ???/2 arcs, 7668 bytes
Atomic transition system #14: init h=1, max f=1, max g=1, max h=1 [t=0.02s]
Atomic transition system #14: shrink from size 2 (threshold: 1)
Atomic transition system #14: not applying abstraction (same number of states)
Atomic transition system #14: size after shrink 2, target 2
Transition system (14/17 vars): shrink from size 84 (threshold: 1)
Transition system (14/17 vars): applying abstraction (84 to 24 states)
Transition system (14/17 vars): applying abstraction to lookup table
Transition system (14/17 vars): simplification was not f-preserving!
Transition system (14/17 vars): computing distances using unit-cost algorithm
Transition system (14/17 vars): size after shrink 24, target 84
Transition system (14/17 vars): 24 states, ???/114 arcs, 12188 bytes
Transition system (14/17 vars): init h=7, max f=39, max g=16, max h=23 [t=0.02s]
Atomic transition system #14: 2 states, ???/2 arcs, 7668 bytes
Atomic transition system #14: init h=1, max f=1, max g=1, max h=1 [t=0.02s]
Merging transition system (14/17 vars) and atomic transition system #14
Transition system (15/17 vars): computing distances using unit-cost algorithm
Transition system (15/17 vars): 48 states, ???/228 arcs, 10352 bytes
Transition system (15/17 vars): init h=8, max f=40, max g=17, max h=24 [t=0.02s]
Next variable: 15
Label reduction: 5 labels, 4 after reduction
Transition system (15/17 vars): 48 states, ???/207 arcs, 10184 bytes
Transition system (15/17 vars): init h=8, max f=40, max g=17, max h=24 [t=0.02s]
Atomic transition system #15: 9 states, ???/23 arcs, 7920 bytes
Atomic transition system #15: init h=0, max f=6, max g=3, max h=3 [t=0.02s]
Atomic transition system #15: shrink from size 9 (threshold: 1)
Atomic transition system #15: applying abstraction (9 to 4 states)
Atomic transition system #15: applying abstraction to lookup table
Atomic transition system #15: size after shrink 4, target 9
Transition system (15/17 vars): shrink from size 48 (threshold: 1)
Transition system (15/17 vars): applying abstraction (48 to 25 states)
Transition system (15/17 vars): applying abstraction to lookup table
Transition system (15/17 vars): simplification was not f-preserving!
Transition system (15/17 vars): computing distances using unit-cost algorithm
Transition system (15/17 vars): size after shrink 25, target 48
Transition system (15/17 vars): 25 states, ???/97 arcs, 9968 bytes
Transition system (15/17 vars): init h=8, max f=40, max g=16, max h=24 [t=0.02s]
Atomic transition system #15: 4 states, ???/8 arcs, 7880 bytes
Atomic transition system #15: init h=0, max f=6, max g=3, max h=3 [t=0.02s]
Merging transition system (15/17 vars) and atomic transition system #15
Transition system (16/17 vars): computing distances using unit-cost algorithm
Transition system (16/17 vars): 100 states, ???/488 arcs, 13132 bytes
Transition system (16/17 vars): init h=8, max f=46, max g=19, max h=27 [t=0.02s]
Next variable: 16
Label reduction: 4 labels, 2 after reduction
Transition system (16/17 vars): 100 states, ???/464 arcs, 12940 bytes
Transition system (16/17 vars): init h=8, max f=46, max g=19, max h=27 [t=0.02s]
Atomic transition system #16: 2 states, ???/2 arcs, 7668 bytes
Atomic transition system #16: init h=1, max f=1, max g=1, max h=1 [t=0.02s]
Atomic transition system #16: shrink from size 2 (threshold: 1)
Atomic transition system #16: not applying abstraction (same number of states)
Atomic transition system #16: size after shrink 2, target 2
Transition system (16/17 vars): shrink from size 100 (threshold: 1)
Transition system (16/17 vars): applying abstraction (100 to 28 states)
Transition system (16/17 vars): applying abstraction to lookup table
Transition system (16/17 vars): simplification was not f-preserving!
Transition system (16/17 vars): computing distances using unit-cost algorithm
Transition system (16/17 vars): size after shrink 28, target 100
Transition system (16/17 vars): 28 states, ???/106 arcs, 12268 bytes
Transition system (16/17 vars): init h=8, max f=46, max g=19, max h=27 [t=0.02s]
Atomic transition system #16: 2 states, ???/2 arcs, 7668 bytes
Atomic transition system #16: init h=1, max f=1, max g=1, max h=1 [t=0.02s]
Merging transition system (16/17 vars) and atomic transition system #16
Transition system (17/17 vars): computing distances using unit-cost algorithm
Transition system (17/17 vars): 56 states, ???/212 arcs, 10368 bytes
Transition system (17/17 vars): init h=9, max f=47, max g=20, max h=28 [t=0.02s]
Transition system (17/17 vars): 56 states, ???/212 arcs, 10368 bytes
Transition system (17/17 vars): init h=9, max f=47, max g=20, max h=28 [t=0.02s]
Order of merged transition systems: 0 1, 17 2, 18 3, 19 4, 20 5, 21 6, 22 7, 23 8, 24 9, 25 10, 26 11, 27 12, 28 13, 29 14, 30 15, 31 16, 
Done initializing merge-and-shrink heuristic [0.02s]
initial h value: 9
Estimated peak memory for transition system: 10368 bytes
f = 9 [1 evaluated, 0 expanded, t=0.02s, 3328 KB]
Best heuristic value: 9 [g=0, 1 evaluated, 0 expanded, t=0.02s, 3328 KB]
Best heuristic value: 8 [g=1, 2 evaluated, 1 expanded, t=0.02s, 3328 KB]
Best heuristic value: 7 [g=2, 8 evaluated, 2 expanded, t=0.02s, 3328 KB]
f = 10 [36 evaluated, 6 expanded, t=0.02s, 3328 KB]
f = 11 [64 evaluated, 10 expanded, t=0.02s, 3328 KB]
f = 12 [224 evaluated, 47 expanded, t=0.02s, 3328 KB]
f = 13 [466 evaluated, 115 expanded, t=0.02s, 3328 KB]
f = 14 [1124 evaluated, 286 expanded, t=0.02s, 3328 KB]
f = 15 [2561 evaluated, 699 expanded, t=0.04s, 3328 KB]
Best heuristic value: 6 [g=9, 2735 evaluated, 735 expanded, t=0.04s, 3328 KB]
f = 16 [4954 evaluated, 1452 expanded, t=0.04s, 3328 KB]
f = 17 [11160 evaluated, 3252 expanded, t=0.04s, 3624 KB]
f = 18 [22679 evaluated, 6671 expanded, t=0.06s, 4288 KB]
f = 19 [45039 evaluated, 13714 expanded, t=0.1s, 5420 KB]
f = 20 [92254 evaluated, 28361 expanded, t=0.18s, 7740 KB]
f = 21 [174888 evaluated, 55020 expanded, t=0.34s, 11980 KB]
f = 22 [339609 evaluated, 110221 expanded, t=0.7s, 20396 KB]
Best heuristic value: 5 [g=17, 346367 evaluated, 111876 expanded, t=0.7s, 20664 KB]
f = 23 [636509 evaluated, 209246 expanded, t=1.36s, 35672 KB]
f = 24 [1179520 evaluated, 399336 expanded, t=2.68s, 63860 KB]
f = 25 [2156138 evaluated, 742530 expanded, t=5.14s, 115172 KB]
f = 26 [3863817 evaluated, 1365123 expanded, t=9.72s, 206524 KB]
f = 27 [6835806 evaluated, 2469703 expanded, t=18.24s, 368456 KB]
Best heuristic value: 4 [g=23, 6892696 evaluated, 2484863 expanded, t=18.34s, 371120 KB]
f = 28 [11906902 evaluated, 4405098 expanded, t=31.64s, 602692 KB]
f = 29 [20315727 evaluated, 7713559 expanded, t=56.8s, 1039852 KB]
f = 30 [34261115 evaluated, 13340092 expanded, t=101.52s, 1781396 KB]
f = 31 [56460648 evaluated, 22593933 expanded, t=178.14s, 3000896 KB]
Failed to allocate memory. Released memory buffer.
Memory limit has been reached.
Peak memory: 4191188 KB
returncode: 6

remaining time: 1547.53
config 1: relative time 1000, remaining 1000
args: ['/opt/pah_planners/FD/src/search/downward-release', '--search', 'astar(merge_and_shrink(merge_strategy=merge_linear(variable_order=reverse_level),shrink_strategy=shrink_bisimulation(max_states=200000,greedy=false,group_by_h=true)))', '--internal-plan-file', '../../../home/stolba/workspace/stolba/PAH2017/assignment/simcity/simple/fd-ms/p01.solution']
timeout: 1547.53 -> (1548, 1549)
reading input... [t=0s]
Simplifying transitions... done!
done reading input! [t=0s]
building causal graph...done! [t=0s]
packing state variables...done! [t=0s]
Variables: 17
Facts: 93
Bytes per state: 8
done initalizing global data [t=0s]
Conducting best first search with reopening closed nodes, (real) bound = 2147483647
Initializing merge-and-shrink heuristic...
Merge strategy: linear
Linear merge strategy: Variable order type: by reverse level
Shrink strategy: bisimulation
Transition system size limit: 200000
Transition system size limit right before merge: 200000
Bisimulation type: exact
Bisimulation threshold: 200000
Group by h: yes
At limit: return
Label reduction: all transition systems with fixpoint computation
System order: random
Expensive statistics: disabled
Building transition system...
Building atomic transition systems... 
Atomic transition system #0: computing distances using unit-cost algorithm
Atomic transition system #1: computing distances using unit-cost algorithm
Atomic transition system #2: computing distances using unit-cost algorithm
Atomic transition system #3: computing distances using unit-cost algorithm
Atomic transition system #4: computing distances using unit-cost algorithm
Atomic transition system #5: computing distances using unit-cost algorithm
Atomic transition system #6: computing distances using unit-cost algorithm
Atomic transition system #7: computing distances using unit-cost algorithm
Atomic transition system #8: computing distances using unit-cost algorithm
Atomic transition system #9: computing distances using unit-cost algorithm
Atomic transition system #10: computing distances using unit-cost algorithm
Atomic transition system #11: computing distances using unit-cost algorithm
Atomic transition system #12: computing distances using unit-cost algorithm
Atomic transition system #13: computing distances using unit-cost algorithm
Atomic transition system #14: computing distances using unit-cost algorithm
Atomic transition system #15: computing distances using unit-cost algorithm
Atomic transition system #16: computing distances using unit-cost algorithm
Merging transition systems...
First variable: 0
Next variable: 1
Label reduction: 231 labels, 220 after reduction
Label reduction: 220 labels, 207 after reduction
Label reduction: 207 labels, 189 after reduction
Label reduction: 189 labels, 171 after reduction
Label reduction: 171 labels, 168 after reduction
Label reduction: 168 labels, 155 after reduction
Label reduction: 155 labels, 142 after reduction
Label reduction: 142 labels, 120 after reduction
Label reduction: 120 labels, 107 after reduction
Label reduction: 107 labels, 89 after reduction
Atomic transition system #0: 3 states, ???/25 arcs, 7864 bytes
Atomic transition system #0: init h=0, max f=2, max g=2, max h=0 [t=0.02s]
Atomic transition system #1: 5 states, ???/47 arcs, 8064 bytes
Atomic transition system #1: init h=0, max f=3, max g=3, max h=0 [t=0.02s]
Atomic transition system #0: 3 states, ???/25 arcs, 7864 bytes
Atomic transition system #0: init h=0, max f=2, max g=2, max h=0 [t=0.02s]
Atomic transition system #1: 5 states, ???/47 arcs, 8064 bytes
Atomic transition system #1: init h=0, max f=3, max g=3, max h=0 [t=0.02s]
Merging atomic transition system #0 and atomic transition system #1
Transition system (2/17 vars): computing distances using unit-cost algorithm
Transition system (2/17 vars): 15 states, ???/266 arcs, 9976 bytes
Transition system (2/17 vars): init h=0, max f=5, max g=5, max h=0 [t=0.02s]
Next variable: 2
Transition system (2/17 vars): 15 states, ???/266 arcs, 9976 bytes
Transition system (2/17 vars): init h=0, max f=5, max g=5, max h=0 [t=0.02s]
Atomic transition system #2: 9 states, ???/24 arcs, 7928 bytes
Atomic transition system #2: init h=0, max f=6, max g=3, max h=3 [t=0.02s]
Transition system (2/17 vars): 15 states, ???/266 arcs, 9976 bytes
Transition system (2/17 vars): init h=0, max f=5, max g=5, max h=0 [t=0.02s]
Atomic transition system #2: 9 states, ???/24 arcs, 7928 bytes
Atomic transition system #2: init h=0, max f=6, max g=3, max h=3 [t=0.02s]
Merging transition system (2/17 vars) and atomic transition system #2
Transition system (3/17 vars): computing distances using unit-cost algorithm
Transition system (3/17 vars): 135 states, ???/2129 arcs, 26592 bytes
Transition system (3/17 vars): init h=0, max f=21, max g=13, max h=8 [t=0.02s]
Next variable: 3
Label reduction: 89 labels, 80 after reduction
Transition system (3/17 vars): 135 states, ???/2129 arcs, 26592 bytes
Transition system (3/17 vars): init h=0, max f=21, max g=13, max h=8 [t=0.02s]
Atomic transition system #3: 9 states, ???/24 arcs, 7928 bytes
Atomic transition system #3: init h=0, max f=6, max g=3, max h=3 [t=0.02s]
Transition system (3/17 vars): 135 states, ???/2129 arcs, 26592 bytes
Transition system (3/17 vars): init h=0, max f=21, max g=13, max h=8 [t=0.02s]
Atomic transition system #3: 9 states, ???/24 arcs, 7928 bytes
Atomic transition system #3: init h=0, max f=6, max g=3, max h=3 [t=0.02s]
Merging transition system (3/17 vars) and atomic transition system #3
Transition system (4/17 vars): computing distances using unit-cost algorithm
Transition system (4/17 vars): unreachable: 585 states, irrelevant: 0 states
Transition system (4/17 vars): applying abstraction (1215 to 630 states)
Transition system (4/17 vars): applying abstraction to lookup table
Transition system (4/17 vars): 630 states, ???/8571 arcs, 144752 bytes
Transition system (4/17 vars): init h=0, max f=30, max g=17, max h=14 [t=0.02s]
Next variable: 4
Label reduction: 80 labels, 70 after reduction
Transition system (4/17 vars): 630 states, ???/8571 arcs, 135392 bytes
Transition system (4/17 vars): init h=0, max f=30, max g=17, max h=14 [t=0.02s]
Atomic transition system #4: 2 states, ???/2 arcs, 7668 bytes
Atomic transition system #4: init h=1, max f=1, max g=1, max h=1 [t=0.02s]
Transition system (4/17 vars): 630 states, ???/8571 arcs, 135392 bytes
Transition system (4/17 vars): init h=0, max f=30, max g=17, max h=14 [t=0.02s]
Atomic transition system #4: 2 states, ???/2 arcs, 7668 bytes
Atomic transition system #4: init h=1, max f=1, max g=1, max h=1 [t=0.02s]
Merging transition system (4/17 vars) and atomic transition system #4
Transition system (5/17 vars): computing distances using unit-cost algorithm
Transition system (5/17 vars): 1260 states, ???/17142 arcs, 168696 bytes
Transition system (5/17 vars): init h=3, max f=35, max g=18, max h=18 [t=0.04s]
Next variable: 5
Label reduction: 70 labels, 69 after reduction
Transition system (5/17 vars): 1260 states, ???/17142 arcs, 168696 bytes
Transition system (5/17 vars): init h=3, max f=35, max g=18, max h=18 [t=0.04s]
Atomic transition system #5: 2 states, ???/2 arcs, 7668 bytes
Atomic transition system #5: init h=1, max f=1, max g=1, max h=1 [t=0.04s]
Transition system (5/17 vars): 1260 states, ???/17142 arcs, 168696 bytes
Transition system (5/17 vars): init h=3, max f=35, max g=18, max h=18 [t=0.04s]
Atomic transition system #5: 2 states, ???/2 arcs, 7668 bytes
Atomic transition system #5: init h=1, max f=1, max g=1, max h=1 [t=0.04s]
Merging transition system (5/17 vars) and atomic transition system #5
Transition system (6/17 vars): computing distances using unit-cost algorithm
Transition system (6/17 vars): 2520 states, ???/34284 arcs, 329760 bytes
Transition system (6/17 vars): init h=6, max f=36, max g=19, max h=19 [t=0.04s]
Next variable: 6
Label reduction: 69 labels, 68 after reduction
Transition system (6/17 vars): 2520 states, ???/34269 arcs, 329640 bytes
Transition system (6/17 vars): init h=6, max f=36, max g=19, max h=19 [t=0.04s]
Atomic transition system #6: 5 states, ???/39 arcs, 8000 bytes
Atomic transition system #6: init h=0, max f=2, max g=2, max h=0 [t=0.04s]
Transition system (6/17 vars): 2520 states, ???/34269 arcs, 329640 bytes
Transition system (6/17 vars): init h=6, max f=36, max g=19, max h=19 [t=0.04s]
Atomic transition system #6: 5 states, ???/39 arcs, 8000 bytes
Atomic transition system #6: init h=0, max f=2, max g=2, max h=0 [t=0.04s]
Merging transition system (6/17 vars) and atomic transition system #6
Transition system (7/17 vars): computing distances using unit-cost algorithm
Transition system (7/17 vars): 12600 states, ???/269625 arcs, 2358648 bytes
Transition system (7/17 vars): init h=6, max f=38, max g=21, max h=19 [t=0.06s]
Next variable: 7
Transition system (7/17 vars): 12600 states, ???/269625 arcs, 2358648 bytes
Transition system (7/17 vars): init h=6, max f=38, max g=21, max h=19 [t=0.06s]
Atomic transition system #7: 10 states, ???/34 arcs, 8020 bytes
Atomic transition system #7: init h=0, max f=6, max g=3, max h=3 [t=0.06s]
Transition system (7/17 vars): 12600 states, ???/269625 arcs, 2358648 bytes
Transition system (7/17 vars): init h=6, max f=38, max g=21, max h=19 [t=0.06s]
Atomic transition system #7: 10 states, ???/34 arcs, 8020 bytes
Atomic transition system #7: init h=0, max f=6, max g=3, max h=3 [t=0.06s]
Merging transition system (7/17 vars) and atomic transition system #7
Transition system (8/17 vars): computing distances using unit-cost algorithm
Transition system (8/17 vars): 126000 states, ???/2209890 arcs, 19475936 bytes
Transition system (8/17 vars): init h=6, max f=46, max g=25, max h=23 [t=0.36s]
Next variable: 8
Label reduction: 68 labels, 53 after reduction
Transition system (8/17 vars): 126000 states, ???/2209890 arcs, 19475936 bytes
Transition system (8/17 vars): init h=6, max f=46, max g=25, max h=23 [t=0.5s]
Atomic transition system #8: 10 states, ???/34 arcs, 8020 bytes
Atomic transition system #8: init h=0, max f=6, max g=3, max h=3 [t=0.5s]
Transition system (8/17 vars): shrink from size 126000 (threshold: 20000)
Transition system (8/17 vars): applying abstraction (126000 to 19791 states)
Transition system (8/17 vars): applying abstraction to lookup table
Transition system (8/17 vars): simplification was not f-preserving!
Transition system (8/17 vars): computing distances using unit-cost algorithm
Transition system (8/17 vars): size after shrink 19791, target 20000
Transition system (8/17 vars): 19791 states, ???/400905 arcs, 18520056 bytes
Transition system (8/17 vars): init h=6, max f=40, max g=17, max h=23 [t=1.18s]
Atomic transition system #8: 10 states, ???/34 arcs, 8020 bytes
Atomic transition system #8: init h=0, max f=6, max g=3, max h=3 [t=1.18s]
Merging transition system (8/17 vars) and atomic transition system #8
Transition system (9/17 vars): computing distances using unit-cost algorithm
Transition system (9/17 vars): 197910 states, ???/3091869 arcs, 27552884 bytes
Transition system (9/17 vars): init h=6, max f=46, max g=21, max h=26 [t=1.62s]
Next variable: 9
Label reduction: 53 labels, 38 after reduction
Transition system (9/17 vars): 197910 states, ???/3083999 arcs, 27489924 bytes
Transition system (9/17 vars): init h=6, max f=46, max g=21, max h=26 [t=2.06s]
Atomic transition system #9: 2 states, ???/2 arcs, 7668 bytes
Atomic transition system #9: init h=1, max f=1, max g=1, max h=1 [t=2.06s]
Transition system (9/17 vars): shrink from size 197910 (threshold: 100000)
Transition system (9/17 vars): applying abstraction (197910 to 96410 states)
Transition system (9/17 vars): applying abstraction to lookup table
Transition system (9/17 vars): simplification was not f-preserving!
Transition system (9/17 vars): computing distances using unit-cost algorithm
Transition system (9/17 vars): size after shrink 96410, target 100000
Transition system (9/17 vars): 96410 states, ???/1703551 arcs, 26576420 bytes
Transition system (9/17 vars): init h=6, max f=46, max g=20, max h=26 [t=3.08s]
Atomic transition system #9: 2 states, ???/2 arcs, 7668 bytes
Atomic transition system #9: init h=1, max f=1, max g=1, max h=1 [t=3.08s]
Merging transition system (9/17 vars) and atomic transition system #9
Transition system (10/17 vars): computing distances using unit-cost algorithm
Transition system (10/17 vars): 192820 states, ???/3407102 arcs, 30928008 bytes
Transition system (10/17 vars): init h=13, max f=47, max g=21, max h=27 [t=3.6s]
Next variable: 10
Label reduction: 38 labels, 37 after reduction
Transition system (10/17 vars): 192820 states, ???/3398861 arcs, 30862080 bytes
Transition system (10/17 vars): init h=13, max f=47, max g=21, max h=27 [t=4.3s]
Atomic transition system #10: 10 states, ???/33 arcs, 8012 bytes
Atomic transition system #10: init h=0, max f=6, max g=3, max h=3 [t=4.3s]
Transition system (10/17 vars): shrink from size 192820 (threshold: 20000)
Transition system (10/17 vars): applying abstraction (192820 to 18646 states)
Transition system (10/17 vars): applying abstraction to lookup table
Transition system (10/17 vars): simplification was not f-preserving!
Transition system (10/17 vars): computing distances using unit-cost algorithm
Transition system (10/17 vars): size after shrink 18646, target 20000
Transition system (10/17 vars): 18646 states, ???/345869 arcs, 29294512 bytes
Transition system (10/17 vars): init h=13, max f=43, max g=16, max h=27 [t=5.18s]
Atomic transition system #10: 10 states, ???/33 arcs, 8012 bytes
Atomic transition system #10: init h=0, max f=6, max g=3, max h=3 [t=5.18s]
Merging transition system (10/17 vars) and atomic transition system #10
Transition system (11/17 vars): computing distances using unit-cost algorithm
Transition system (11/17 vars): 186460 states, ???/3141708 arcs, 27789000 bytes
Transition system (11/17 vars): init h=13, max f=49, max g=19, max h=30 [t=5.68s]
Next variable: 11
Label reduction: 37 labels, 23 after reduction
Transition system (11/17 vars): 186460 states, ???/3141708 arcs, 27789000 bytes
Transition system (11/17 vars): init h=13, max f=49, max g=19, max h=30 [t=6.4s]
Atomic transition system #11: 2 states, ???/2 arcs, 7668 bytes
Atomic transition system #11: init h=1, max f=1, max g=1, max h=1 [t=6.4s]
Transition system (11/17 vars): shrink from size 186460 (threshold: 100000)
Transition system (11/17 vars): applying abstraction (186460 to 96586 states)
Transition system (11/17 vars): applying abstraction to lookup table
Transition system (11/17 vars): simplification was not f-preserving!
Transition system (11/17 vars): computing distances using unit-cost algorithm
Transition system (11/17 vars): size after shrink 96586, target 100000
Transition system (11/17 vars): 96586 states, ???/2177404 arcs, 26980152 bytes
Transition system (11/17 vars): init h=13, max f=49, max g=19, max h=30 [t=7.66s]
Atomic transition system #11: 2 states, ???/2 arcs, 7668 bytes
Atomic transition system #11: init h=1, max f=1, max g=1, max h=1 [t=7.66s]
Merging transition system (11/17 vars) and atomic transition system #11
Transition system (12/17 vars): computing distances using unit-cost algorithm
Transition system (12/17 vars): 193172 states, ???/4354808 arcs, 38516344 bytes
Transition system (12/17 vars): init h=16, max f=52, max g=22, max h=33 [t=8.42s]
Next variable: 12
Label reduction: 23 labels, 22 after reduction
Transition system (12/17 vars): 193172 states, ???/4348932 arcs, 38469336 bytes
Transition system (12/17 vars): init h=16, max f=52, max g=22, max h=33 [t=9.78s]
Atomic transition system #12: 2 states, ???/2 arcs, 7668 bytes
Atomic transition system #12: init h=1, max f=1, max g=1, max h=1 [t=9.78s]
Transition system (12/17 vars): shrink from size 193172 (threshold: 100000)
Transition system (12/17 vars): applying abstraction (193172 to 93706 states)
Transition system (12/17 vars): applying abstraction to lookup table
Transition system (12/17 vars): simplification was not f-preserving!
Transition system (12/17 vars): computing distances using unit-cost algorithm
Transition system (12/17 vars): size after shrink 93706, target 100000
Transition system (12/17 vars): 93706 states, ???/2278004 arcs, 37574152 bytes
Transition system (12/17 vars): init h=16, max f=50, max g=19, max h=33 [t=10.98s]
Atomic transition system #12: 2 states, ???/2 arcs, 7668 bytes
Atomic transition system #12: init h=1, max f=1, max g=1, max h=1 [t=10.98s]
Merging transition system (12/17 vars) and atomic transition system #12
Transition system (13/17 vars): computing distances using unit-cost algorithm
Transition system (13/17 vars): 187412 states, ???/4556008 arcs, 40016504 bytes
Transition system (13/17 vars): init h=17, max f=51, max g=20, max h=34 [t=11.78s]
Next variable: 13
Label reduction: 22 labels, 21 after reduction
Transition system (13/17 vars): 187412 states, ???/4541586 arcs, 39901128 bytes
Transition system (13/17 vars): init h=17, max f=51, max g=20, max h=34 [t=13.24s]
Atomic transition system #13: 9 states, ???/23 arcs, 7920 bytes
Atomic transition system #13: init h=0, max f=6, max g=3, max h=3 [t=13.24s]
Transition system (13/17 vars): shrink from size 187412 (threshold: 22222)
Transition system (13/17 vars): applying abstraction (187412 to 18213 states)
Transition system (13/17 vars): applying abstraction to lookup table
Transition system (13/17 vars): simplification was not f-preserving!
Transition system (13/17 vars): computing distances using unit-cost algorithm
Transition system (13/17 vars): size after shrink 18213, target 22222
Transition system (13/17 vars): 18213 states, ???/397142 arcs, 38378352 bytes
Transition system (13/17 vars): init h=17, max f=50, max g=20, max h=34 [t=14.36s]
Atomic transition system #13: 9 states, ???/23 arcs, 7920 bytes
Atomic transition system #13: init h=0, max f=6, max g=3, max h=3 [t=14.36s]
Merging transition system (13/17 vars) and atomic transition system #13
Transition system (14/17 vars): computing distances using unit-cost algorithm
Transition system (14/17 vars): 163917 states, ???/3446787 arcs, 29931392 bytes
Transition system (14/17 vars): init h=17, max f=56, max g=23, max h=37 [t=14.94s]
Next variable: 14
Label reduction: 21 labels, 12 after reduction
Transition system (14/17 vars): 163917 states, ???/3446787 arcs, 29931392 bytes
Transition system (14/17 vars): init h=17, max f=56, max g=23, max h=37 [t=15.94s]
Atomic transition system #14: 2 states, ???/2 arcs, 7668 bytes
Atomic transition system #14: init h=1, max f=1, max g=1, max h=1 [t=15.94s]
Transition system (14/17 vars): shrink from size 163917 (threshold: 100000)
Transition system (14/17 vars): applying abstraction (163917 to 99512 states)
Transition system (14/17 vars): applying abstraction to lookup table
Transition system (14/17 vars): simplification was not f-preserving!
Transition system (14/17 vars): computing distances using unit-cost algorithm
Transition system (14/17 vars): size after shrink 99512, target 100000
Transition system (14/17 vars): 99512 states, ???/2516393 arcs, 29351736 bytes
Transition system (14/17 vars): init h=17, max f=54, max g=20, max h=37 [t=17.26s]
Atomic transition system #14: 2 states, ???/2 arcs, 7668 bytes
Atomic transition system #14: init h=1, max f=1, max g=1, max h=1 [t=17.26s]
Merging transition system (14/17 vars) and atomic transition system #14
Transition system (15/17 vars): computing distances using unit-cost algorithm
Transition system (15/17 vars): 199024 states, ???/5032786 arcs, 44051360 bytes
Transition system (15/17 vars): init h=18, max f=58, max g=21, max h=38 [t=18.22s]
Next variable: 15
Label reduction: 12 labels, 11 after reduction
Transition system (15/17 vars): 199024 states, ???/5025783 arcs, 43995336 bytes
Transition system (15/17 vars): init h=18, max f=58, max g=21, max h=38 [t=20.3s]
Atomic transition system #15: 9 states, ???/23 arcs, 7920 bytes
Atomic transition system #15: init h=0, max f=6, max g=3, max h=3 [t=20.3s]
Transition system (15/17 vars): shrink from size 199024 (threshold: 22222)
Transition system (15/17 vars): applying abstraction (199024 to 12003 states)
Transition system (15/17 vars): applying abstraction to lookup table
Transition system (15/17 vars): simplification was not f-preserving!
Transition system (15/17 vars): computing distances using unit-cost algorithm
Transition system (15/17 vars): size after shrink 12003, target 22222
Transition system (15/17 vars): 12003 states, ???/229931 arcs, 42312160 bytes
Transition system (15/17 vars): init h=18, max f=54, max g=21, max h=38 [t=21.54s]
Atomic transition system #15: 9 states, ???/23 arcs, 7920 bytes
Atomic transition system #15: init h=0, max f=6, max g=3, max h=3 [t=21.54s]
Merging transition system (15/17 vars) and atomic transition system #15
Transition system (16/17 vars): computing distances using unit-cost algorithm
Transition system (16/17 vars): 108027 states, ???/1985358 arcs, 17438856 bytes
Transition system (16/17 vars): init h=18, max f=60, max g=24, max h=41 [t=21.9s]
Next variable: 16
Label reduction: 11 labels, 2 after reduction
Transition system (16/17 vars): 108027 states, ???/1985358 arcs, 17438856 bytes
Transition system (16/17 vars): init h=18, max f=60, max g=24, max h=41 [t=22.48s]
Atomic transition system #16: 2 states, ???/2 arcs, 7668 bytes
Atomic transition system #16: init h=1, max f=1, max g=1, max h=1 [t=22.48s]
Transition system (16/17 vars): shrink from size 108027 (threshold: 100000)
Transition system (16/17 vars): applying abstraction (108027 to 99744 states)
Transition system (16/17 vars): applying abstraction to lookup table
Transition system (16/17 vars): simplification was not f-preserving!
Transition system (16/17 vars): computing distances using unit-cost algorithm
Transition system (16/17 vars): size after shrink 99744, target 100000
Transition system (16/17 vars): 99744 states, ???/1912449 arcs, 17364304 bytes
Transition system (16/17 vars): init h=18, max f=60, max g=21, max h=41 [t=23.34s]
Atomic transition system #16: 2 states, ???/2 arcs, 7668 bytes
Atomic transition system #16: init h=1, max f=1, max g=1, max h=1 [t=23.34s]
Merging transition system (16/17 vars) and atomic transition system #16
Transition system (17/17 vars): computing distances using unit-cost algorithm
Transition system (17/17 vars): 199488 states, ???/3824898 arcs, 34397056 bytes
Transition system (17/17 vars): init h=21, max f=61, max g=24, max h=43 [t=24.18s]
Transition system (17/17 vars): 199488 states, ???/3824898 arcs, 34397056 bytes
Transition system (17/17 vars): init h=21, max f=61, max g=24, max h=43 [t=24.18s]
Order of merged transition systems: 0 1, 17 2, 18 3, 19 4, 20 5, 21 6, 22 7, 23 8, 24 9, 25 10, 26 11, 27 12, 28 13, 29 14, 30 15, 31 16, 
Done initializing merge-and-shrink heuristic [24.18s]
initial h value: 21
Estimated peak memory for transition system: 34397056 bytes
f = 21 [1 evaluated, 0 expanded, t=24.18s, 242976 KB]
Best heuristic value: 21 [g=0, 1 evaluated, 0 expanded, t=24.18s, 242976 KB]
f = 22 [7 evaluated, 1 expanded, t=24.18s, 242976 KB]
f = 23 [22 evaluated, 3 expanded, t=24.18s, 242976 KB]
f = 24 [113 evaluated, 31 expanded, t=24.18s, 242976 KB]
f = 25 [318 evaluated, 87 expanded, t=24.18s, 242976 KB]
Best heuristic value: 20 [g=5, 486 evaluated, 140 expanded, t=24.18s, 242976 KB]
f = 26 [1009 evaluated, 323 expanded, t=24.18s, 242976 KB]
f = 27 [2435 evaluated, 738 expanded, t=24.18s, 242976 KB]
Best heuristic value: 19 [g=8, 6911 evaluated, 2256 expanded, t=24.18s, 242976 KB]
f = 28 [6953 evaluated, 2274 expanded, t=24.18s, 242976 KB]
Best heuristic value: 18 [g=10, 6984 evaluated, 2278 expanded, t=24.18s, 242976 KB]
f = 29 [15465 evaluated, 4872 expanded, t=24.2s, 242976 KB]
Best heuristic value: 17 [g=12, 15693 evaluated, 4912 expanded, t=24.2s, 242976 KB]
f = 30 [38970 evaluated, 12948 expanded, t=24.24s, 242976 KB]
f = 31 [82764 evaluated, 26890 expanded, t=24.34s, 242976 KB]
Best heuristic value: 16 [g=15, 82776 evaluated, 26892 expanded, t=24.34s, 242976 KB]
Best heuristic value: 15 [g=16, 88878 evaluated, 28160 expanded, t=24.34s, 242976 KB]
Best heuristic value: 14 [g=17, 88887 evaluated, 28161 expanded, t=24.34s, 242976 KB]
f = 32 [194351 evaluated, 64995 expanded, t=24.58s, 242976 KB]
f = 33 [398659 evaluated, 131959 expanded, t=25.12s, 242976 KB]
f = 34 [870756 evaluated, 295305 expanded, t=26.46s, 242976 KB]
f = 35 [1742810 evaluated, 590141 expanded, t=28.98s, 242976 KB]
Best heuristic value: 13 [g=22, 1742857 evaluated, 590148 expanded, t=28.98s, 242976 KB]
f = 36 [3547160 evaluated, 1236107 expanded, t=34.38s, 242976 KB]
Best heuristic value: 12 [g=24, 3745557 evaluated, 1287491 expanded, t=34.82s, 242976 KB]
f = 37 [6823810 evaluated, 2408787 expanded, t=44.82s, 393140 KB]
Best heuristic value: 11 [g=26, 6823823 evaluated, 2408789 expanded, t=44.82s, 393140 KB]
Best heuristic value: 10 [g=27, 6823834 evaluated, 2408790 expanded, t=44.82s, 393140 KB]
f = 38 [13036375 evaluated, 4741485 expanded, t=66.18s, 758504 KB]
f = 39 [23908998 evaluated, 8880808 expanded, t=100.52s, 1233380 KB]
f = 40 [42999069 evaluated, 16499719 expanded, t=167.98s, 2214440 KB]
f = 41 [74849682 evaluated, 29537514 expanded, t=291.62s, 3883868 KB]
Best heuristic value: 9 [g=32, 74850054 evaluated, 29537596 expanded, t=291.62s, 3883868 KB]
Failed to allocate memory. Released memory buffer.
Memory limit has been reached.
Peak memory: 4191068 KB
returncode: 6

Exit codes: [6, 6]
Command '['run-portfolio', '/opt/pah_planners/FD/src/driver/portfolios/seq_opt_merge_and_shrink.py']' returned non-zero exit status 6
